# JRE version: OpenJDK Runtime Environment (21.0.2+13) (build 21.0.2+13-58)
# Java VM: OpenJDK 64-Bit Server VM (21.0.2+13-58, mixed mode, sharing, tiered, compressed oops, compressed class ptrs, g1 gc, windows-amd64)
GC Precious Log:
 CardTable entry size: 512
 Card Set container configuration: InlinePtr #cards 4 size 8 Array Of Cards #cards 16 size 48 Howl #buckets 8 coarsen threshold 3686 Howl Bitmap #cards 512 size 80 coarsen threshold 460 Card regions per heap region 1 cards per card region 4096
 CPUs: 12 total, 12 available
 Memory: 16173M
 Large Page Support: Disabled
 NUMA Support: Disabled
 Compressed Oops: Enabled (Zero based)
 Heap Region Size: 2M
 Heap Min Capacity: 8M
 Heap Initial Capacity: 254M
 Heap Max Capacity: 4044M
 Pre-touch: Disabled
 Parallel Workers: 10
 Concurrent Workers: 3
 Concurrent Refinement Workers: 10
 Periodic GC: Disabled
Heap:
 garbage-first heap   total 360448K, used 299192K [0x0000000703400000, 0x0000000800000000)
  region size 2048K, 84 young (172032K), 3 survivors (6144K)
 Metaspace       used 77332K, committed 77952K, reserved 1179648K
  class space    used 9939K, committed 10240K, reserved 1048576K
GC Heap History (20 events):
Event: 27.680 GC heap before
{Heap before GC invocations=35 (full 0):
 garbage-first heap   total 360448K, used 349931K [0x0000000703400000, 0x0000000800000000)
  region size 2048K, 97 young (198656K), 2 survivors (4096K)
 Metaspace       used 75314K, committed 75904K, reserved 1179648K
  class space    used 9647K, committed 9920K, reserved 1048576K
}
Event: 27.683 GC heap after
{Heap after GC invocations=36 (full 0):
 garbage-first heap   total 360448K, used 141071K [0x0000000703400000, 0x0000000800000000)
  region size 2048K, 2 young (4096K), 2 survivors (4096K)
 Metaspace       used 75314K, committed 75904K, reserved 1179648K
  class space    used 9647K, committed 9920K, reserved 1048576K
}
Event: 29.307 GC heap before
{Heap before GC invocations=36 (full 0):
 garbage-first heap   total 360448K, used 333583K [0x0000000703400000, 0x0000000800000000)
  region size 2048K, 97 young (198656K), 2 survivors (4096K)
 Metaspace       used 75349K, committed 75968K, reserved 1179648K
  class space    used 9658K, committed 9920K, reserved 1048576K
}
Event: 29.312 GC heap after
{Heap after GC invocations=37 (full 0):
 garbage-first heap   total 360448K, used 137350K [0x0000000703400000, 0x0000000800000000)
  region size 2048K, 2 young (4096K), 2 survivors (4096K)
 Metaspace       used 75349K, committed 75968K, reserved 1179648K
  class space    used 9658K, committed 9920K, reserved 1048576K
}
Event: 30.483 GC heap before
{Heap before GC invocations=37 (full 0):
 garbage-first heap   total 360448K, used 333958K [0x0000000703400000, 0x0000000800000000)
  region size 2048K, 98 young (200704K), 2 survivors (4096K)
 Metaspace       used 76441K, committed 77056K, reserved 1179648K
  class space    used 9773K, committed 10048K, reserved 1048576K
}
Event: 30.486 GC heap after
{Heap after GC invocations=38 (full 0):
 garbage-first heap   total 360448K, used 137897K [0x0000000703400000, 0x0000000800000000)
  region size 2048K, 3 young (6144K), 3 survivors (6144K)
 Metaspace       used 76441K, committed 77056K, reserved 1179648K
  class space    used 9773K, committed 10048K, reserved 1048576K
}
Event: 31.600 GC heap before
{Heap before GC invocations=39 (full 0):
 garbage-first heap   total 360448K, used 330409K [0x0000000703400000, 0x0000000800000000)
  region size 2048K, 97 young (198656K), 3 survivors (6144K)
 Metaspace       used 76916K, committed 77504K, reserved 1179648K
  class space    used 9849K, committed 10112K, reserved 1048576K
}
Event: 31.603 GC heap after
{Heap after GC invocations=40 (full 0):
 garbage-first heap   total 360448K, used 138110K [0x0000000703400000, 0x0000000800000000)
  region size 2048K, 3 young (6144K), 3 survivors (6144K)
 Metaspace       used 76916K, committed 77504K, reserved 1179648K
  class space    used 9849K, committed 10112K, reserved 1048576K
}
Event: 32.764 GC heap before
{Heap before GC invocations=40 (full 0):
 garbage-first heap   total 360448K, used 328574K [0x0000000703400000, 0x0000000800000000)
  region size 2048K, 97 young (198656K), 3 survivors (6144K)
 Metaspace       used 76919K, committed 77504K, reserved 1179648K
  class space    used 9850K, committed 10112K, reserved 1048576K
}
Event: 32.768 GC heap after
{Heap after GC invocations=41 (full 0):
 garbage-first heap   total 360448K, used 136267K [0x0000000703400000, 0x0000000800000000)
  region size 2048K, 3 young (6144K), 3 survivors (6144K)
 Metaspace       used 76919K, committed 77504K, reserved 1179648K
  class space    used 9850K, committed 10112K, reserved 1048576K
}
Event: 33.457 GC heap before
{Heap before GC invocations=41 (full 0):
 garbage-first heap   total 360448K, used 332875K [0x0000000703400000, 0x0000000800000000)
  region size 2048K, 99 young (202752K), 3 survivors (6144K)
 Metaspace       used 76919K, committed 77504K, reserved 1179648K
  class space    used 9850K, committed 10112K, reserved 1048576K
}
Event: 33.461 GC heap after
{Heap after GC invocations=42 (full 0):
 garbage-first heap   total 360448K, used 136694K [0x0000000703400000, 0x0000000800000000)
  region size 2048K, 3 young (6144K), 3 survivors (6144K)
 Metaspace       used 76919K, committed 77504K, reserved 1179648K
  class space    used 9850K, committed 10112K, reserved 1048576K
}
Event: 34.204 GC heap before
{Heap before GC invocations=43 (full 0):
 garbage-first heap   total 360448K, used 333302K [0x0000000703400000, 0x0000000800000000)
  region size 2048K, 99 young (202752K), 3 survivors (6144K)
 Metaspace       used 76919K, committed 77504K, reserved 1179648K
  class space    used 9850K, committed 10112K, reserved 1048576K
}
Event: 34.209 GC heap after
{Heap after GC invocations=44 (full 0):
 garbage-first heap   total 360448K, used 137170K [0x0000000703400000, 0x0000000800000000)
  region size 2048K, 4 young (8192K), 4 survivors (8192K)
 Metaspace       used 76919K, committed 77504K, reserved 1179648K
  class space    used 9850K, committed 10112K, reserved 1048576K
}
Event: 35.095 GC heap before
{Heap before GC invocations=44 (full 0):
 garbage-first heap   total 360448K, used 329682K [0x0000000703400000, 0x0000000800000000)
  region size 2048K, 98 young (200704K), 4 survivors (8192K)
 Metaspace       used 76950K, committed 77504K, reserved 1179648K
  class space    used 9853K, committed 10112K, reserved 1048576K
}
Event: 35.100 GC heap after
{Heap after GC invocations=45 (full 0):
 garbage-first heap   total 360448K, used 134512K [0x0000000703400000, 0x0000000800000000)
  region size 2048K, 3 young (6144K), 3 survivors (6144K)
 Metaspace       used 76950K, committed 77504K, reserved 1179648K
  class space    used 9853K, committed 10112K, reserved 1048576K
}
Event: 36.139 GC heap before
{Heap before GC invocations=45 (full 0):
 garbage-first heap   total 360448K, used 333168K [0x0000000703400000, 0x0000000800000000)
  region size 2048K, 100 young (204800K), 3 survivors (6144K)
 Metaspace       used 77088K, committed 77696K, reserved 1179648K
  class space    used 9882K, committed 10176K, reserved 1048576K
}
Event: 36.144 GC heap after
{Heap after GC invocations=46 (full 0):
 garbage-first heap   total 360448K, used 135252K [0x0000000703400000, 0x0000000800000000)
  region size 2048K, 4 young (8192K), 4 survivors (8192K)
 Metaspace       used 77088K, committed 77696K, reserved 1179648K
  class space    used 9882K, committed 10176K, reserved 1048576K
}
Event: 37.039 GC heap before
{Heap before GC invocations=47 (full 0):
 garbage-first heap   total 360448K, used 329812K [0x0000000703400000, 0x0000000800000000)
  region size 2048K, 99 young (202752K), 4 survivors (8192K)
 Metaspace       used 77242K, committed 77824K, reserved 1179648K
  class space    used 9926K, committed 10176K, reserved 1048576K
}
Event: 37.043 GC heap after
{Heap after GC invocations=48 (full 0):
 garbage-first heap   total 360448K, used 135352K [0x0000000703400000, 0x0000000800000000)
  region size 2048K, 3 young (6144K), 3 survivors (6144K)
 Metaspace       used 77242K, committed 77824K, reserved 1179648K
  class space    used 9926K, committed 10176K, reserved 1048576K
}

